<?xml version="1.0" encoding="UTF-8"?>
<!-- Generated by org.testng.reporters.JUnitReportReporter -->
<testsuite hostname="DESKTOP-22G2I7M" failures="0" tests="1" name="flipkarttestng" time="17.923" errors="0" timestamp="2024-01-15T21:13:07 IST" skipped="0">
  <testcase classname="flipkarttestng" name="testFlipkartSearch" time="17.923"/>
  <system-out/>
</testsuite> <!-- flipkarttestng -->
